#
# A fatal error has been detected by the Java Runtime Environment:
#
#  EXCEPTION_ACCESS_VIOLATION (0xc0000005) at pc=0x000000006883cb09, pid=1696, tid=0x0000000000004f04
#
# JRE version: OpenJDK Runtime Environment (8.0_152-b02) (build 1.8.0_152-release-1024-b02)
# Java VM: OpenJDK 64-Bit Server VM (25.152-b02 mixed mode windows-amd64 compressed oops)
# Problematic frame:
# V  [jvm.dll+0x42cb09]
#
# Failed to write core dump. Minidumps are not enabled by default on client versions of Windows
#
# If you would like to submit a bug report, please visit:
#   http://bugreport.java.com/bugreport/crash.jsp
#

---------------  T H R E A D  ---------------

Current thread (0x0000000018364000):  JavaThread "C2 CompilerThread2" daemon [_thread_in_native, id=20228, stack(0x0000000018d40000,0x0000000018e40000)]

siginfo: ExceptionCode=0xc0000005, reading address 0x00000000083bb250

Registers:
RAX=0x0000000000002c6a, RBX=0x00000000083bb240, RCX=0x0000000027104838, RDX=0x000000001ebfffc0
RSP=0x0000000018e3ba10, RBP=0x0000000000000010, RSI=0x0000000018e3c690, RDI=0x000000001f66f768
R8 =0x0000000000000002, R9 =0x00000000183bb240, R10=0x00000000183bb1d0, R11=0x00000000183bb240
R12=0x000000001f66e6b0, R13=0x0000000000000002, R14=0x000000001f66f768, R15=0x000000001fd19a00
RIP=0x000000006883cb09, EFLAGS=0x0000000000010246

Top of Stack: (sp=0x0000000018e3ba10)
0x0000000018e3ba10:   0000000000000008 00000000183bb240
0x0000000018e3ba20:   0000000018e3c690 000000001fd19ae8
0x0000000018e3ba30:   000000001fd19ae8 00000000000008b6
0x0000000018e3ba40:   000000001f66f768 00000000000008b5
0x0000000018e3ba50:   0000000000000000 0000000019a9fe70
0x0000000018e3ba60:   0000000018e3c690 00000000688eb668
0x0000000018e3ba70:   00000000183bb240 0000000018e3c690
0x0000000018e3ba80:   0000000000002cb9 0000000000000000
0x0000000018e3ba90:   00000000000008b6 0000000018e3e7d0
0x0000000018e3baa0:   000000001f66f768 00000000688eafea
0x0000000018e3bab0:   00000000000008b5 0000000019a9fe70
0x0000000018e3bac0:   0000000018e3c690 000000001dd977f8
0x0000000018e3bad0:   0000000018e3e7d0 000000001fd11b00
0x0000000018e3bae0:   00000000000980e0 000000006885049f
0x0000000018e3baf0:   0000000018e3bbf0 00000000183600a0
0x0000000018e3bb00:   000000001fd18090 0000000018e3e7d0 

Instructions: (pc=0x000000006883cb09)
0x000000006883cae9:   48 8b 05 f0 a4 39 00 48 39 04 ca 0f 85 b0 00 00
0x000000006883caf9:   00 49 8b 46 08 48 8b 0c 28 8b 41 28 48 8b 1c c2
0x000000006883cb09:   8b 43 10 83 f8 06 75 06 48 8b 43 18 eb 1c 83 f8
0x000000006883cb19:   07 75 06 48 8b 43 18 eb 11 83 f8 0e 7c 0a 83 f8 


Register to memory mapping:

RAX=0x0000000000002c6a is an unknown value
RBX=0x00000000083bb240 is an unknown value
RCX=0x0000000027104838 is an unknown value
RDX=0x000000001ebfffc0 is an unknown value
RSP=0x0000000018e3ba10 is pointing into the stack for thread: 0x0000000018364000
RBP=0x0000000000000010 is an unknown value
RSI=0x0000000018e3c690 is pointing into the stack for thread: 0x0000000018364000
RDI=0x000000001f66f768 is an unknown value
R8 =0x0000000000000002 is an unknown value
R9 =0x00000000183bb240 is an unknown value
R10=0x00000000183bb1d0 is an unknown value
R11=0x00000000183bb240 is an unknown value
R12=0x000000001f66e6b0 is an unknown value
R13=0x0000000000000002 is an unknown value
R14=0x000000001f66f768 is an unknown value
R15=0x000000001fd19a00 is an unknown value


Stack: [0x0000000018d40000,0x0000000018e40000],  sp=0x0000000018e3ba10,  free space=1006k
Native frames: (J=compiled Java code, j=interpreted, Vv=VM code, C=native code)
V  [jvm.dll+0x42cb09]
V  [jvm.dll+0x4db668]
V  [jvm.dll+0x4dafea]
V  [jvm.dll+0x44049f]
V  [jvm.dll+0x441fa2]
V  [jvm.dll+0x4250b2]
V  [jvm.dll+0x814c8]
V  [jvm.dll+0x81dff]
V  [jvm.dll+0x21d2df]
V  [jvm.dll+0x26d7ea]
C  [msvcr100.dll+0x21d9f]
C  [msvcr100.dll+0x21e3b]
C  [KERNEL32.DLL+0x13034]
C  [ntdll.dll+0x71461]


Current CompileTask:
C2:32161383 32623 % !   4       com.android.ide.common.res2.MergedResourceWriter::postWriteAction @ 103 (1094 bytes)


---------------  P R O C E S S  ---------------

Java Threads: ( => current thread )
  0x000000001ffd1800 JavaThread "pool-606-thread-1" [_thread_blocked, id=12496, stack(0x0000000058d50000,0x0000000058e50000)]
  0x000000001c14d800 JavaThread "Task worker for ':' Thread 7" [_thread_blocked, id=4776, stack(0x0000000057450000,0x0000000057550000)]
  0x000000001c14c800 JavaThread "Task worker for ':' Thread 6" [_thread_blocked, id=21024, stack(0x0000000057350000,0x0000000057450000)]
  0x000000001c145000 JavaThread "Task worker for ':' Thread 5" [_thread_blocked, id=8816, stack(0x0000000057250000,0x0000000057350000)]
  0x000000001c144000 JavaThread "Task worker for ':' Thread 4" [_thread_blocked, id=4744, stack(0x0000000057150000,0x0000000057250000)]
  0x000000001c146800 JavaThread "Task worker for ':' Thread 3" [_thread_blocked, id=3728, stack(0x0000000057050000,0x0000000057150000)]
  0x000000001c14b000 JavaThread "Task worker for ':' Thread 2" [_thread_blocked, id=9176, stack(0x0000000056f50000,0x0000000057050000)]
  0x000000001c14a000 JavaThread "Task worker for ':'" [_thread_in_native, id=7516, stack(0x0000000056e50000,0x0000000056f50000)]
  0x000000001c148000 JavaThread "Cache worker for Build Output Cleanup Cache (D:\AndroidStudioProjects\LPDA\.gradle\buildOutputCleanup)" [_thread_blocked, id=20608, stack(0x0000000056d50000,0x0000000056e50000)]
  0x000000001c149800 JavaThread "Cache worker for task history cache (D:\AndroidStudioProjects\LPDA\.gradle\4.4\taskHistory)" [_thread_blocked, id=17612, stack(0x0000000056c50000,0x0000000056d50000)]
  0x000000001c148800 JavaThread "Cache worker for file content cache (D:\AndroidStudioProjects\LPDA\.gradle\4.4\fileContent)" [_thread_blocked, id=2404, stack(0x0000000056b50000,0x0000000056c50000)]
  0x000000001c145800 JavaThread "build operations Thread 8" [_thread_blocked, id=11568, stack(0x0000000056a50000,0x0000000056b50000)]
  0x0000000018398800 JavaThread "build operations Thread 7" [_thread_blocked, id=7344, stack(0x0000000056950000,0x0000000056a50000)]
  0x0000000018398000 JavaThread "build operations Thread 6" [_thread_blocked, id=8092, stack(0x0000000056850000,0x0000000056950000)]
  0x000000001839b800 JavaThread "build operations Thread 5" [_thread_blocked, id=16488, stack(0x0000000056750000,0x0000000056850000)]
  0x000000001839b000 JavaThread "build operations Thread 4" [_thread_blocked, id=760, stack(0x0000000056650000,0x0000000056750000)]
  0x000000001839e000 JavaThread "build operations Thread 3" [_thread_blocked, id=6740, stack(0x0000000056550000,0x0000000056650000)]
  0x0000000018397000 JavaThread "build operations Thread 2" [_thread_blocked, id=14232, stack(0x0000000056450000,0x0000000056550000)]
  0x000000001838f800 JavaThread "build operations" [_thread_blocked, id=13828, stack(0x0000000056350000,0x0000000056450000)]
  0x0000000018390800 JavaThread "Cache worker for Artifact transforms cache (C:\Users\matut\.gradle\caches\transforms-1)" [_thread_blocked, id=2628, stack(0x0000000056250000,0x0000000056350000)]
  0x0000000018396800 JavaThread "Cache worker for file hash cache (D:\AndroidStudioProjects\LPDA\.gradle\4.4\fileHashes)" [_thread_blocked, id=10528, stack(0x0000000056150000,0x0000000056250000)]
  0x000000001838f000 JavaThread "Stdin handler" [_thread_blocked, id=21192, stack(0x0000000056050000,0x0000000056150000)]
  0x0000000018394000 JavaThread "Asynchronous log dispatcher for DefaultDaemonConnection: socket connection from /127.0.0.1:63750 to /127.0.0.1:64875" [_thread_blocked, id=4068, stack(0x0000000055f50000,0x0000000056050000)]
  0x0000000018392800 JavaThread "Daemon worker Thread 45" [_thread_blocked, id=15424, stack(0x0000000055e50000,0x0000000055f50000)]
  0x0000000018392000 JavaThread "Cancel handler" [_thread_blocked, id=19212, stack(0x0000000055d50000,0x0000000055e50000)]
  0x0000000018395800 JavaThread "Handler for socket connection from /127.0.0.1:63750 to /127.0.0.1:64875" [_thread_in_native, id=14760, stack(0x0000000055c50000,0x0000000055d50000)]
  0x0000000018395000 JavaThread "Daemon Thread 45" [_thread_blocked, id=19780, stack(0x0000000055b50000,0x0000000055c50000)]
  0x000000001c61f000 JavaThread "Memory manager" [_thread_blocked, id=6412, stack(0x0000000021b60000,0x0000000021c60000)]
  0x000000001a6e6000 JavaThread "File lock request listener" [_thread_in_native, id=18864, stack(0x000000001bdb0000,0x000000001beb0000)]
  0x000000001a4d4000 JavaThread "Cache worker for file hash cache (C:\Users\matut\.gradle\caches\4.4\fileHashes)" [_thread_blocked, id=8764, stack(0x000000001bcb0000,0x000000001bdb0000)]
  0x0000000019fc5800 JavaThread "Daemon periodic checks" [_thread_blocked, id=14644, stack(0x000000001b0b0000,0x000000001b1b0000)]
  0x0000000019fb8000 JavaThread "Incoming local TCP Connector on port 63750" [_thread_in_native, id=15560, stack(0x000000001ae50000,0x000000001af50000)]
  0x00000000183ef800 JavaThread "Service Thread" daemon [_thread_blocked, id=6908, stack(0x0000000018f40000,0x0000000019040000)]
  0x0000000018367000 JavaThread "C1 CompilerThread3" daemon [_thread_blocked, id=5420, stack(0x0000000018e40000,0x0000000018f40000)]
=>0x0000000018364000 JavaThread "C2 CompilerThread2" daemon [_thread_in_native, id=20228, stack(0x0000000018d40000,0x0000000018e40000)]
  0x000000001835e800 JavaThread "C2 CompilerThread1" daemon [_thread_blocked, id=9108, stack(0x0000000018c40000,0x0000000018d40000)]
  0x000000001835b000 JavaThread "C2 CompilerThread0" daemon [_thread_blocked, id=13272, stack(0x0000000018b40000,0x0000000018c40000)]
  0x0000000018359800 JavaThread "Attach Listener" daemon [_thread_blocked, id=12500, stack(0x0000000018a40000,0x0000000018b40000)]
  0x0000000018359000 JavaThread "Signal Dispatcher" daemon [_thread_blocked, id=12024, stack(0x0000000018940000,0x0000000018a40000)]
  0x0000000018350800 JavaThread "Finalizer" daemon [_thread_blocked, id=11788, stack(0x0000000018730000,0x0000000018830000)]
  0x0000000002697000 JavaThread "Reference Handler" daemon [_thread_blocked, id=2664, stack(0x0000000018230000,0x0000000018330000)]
  0x00000000024fe800 JavaThread "main" [_thread_blocked, id=6252, stack(0x00000000023f0000,0x00000000024f0000)]

Other Threads:
  0x0000000016455800 VMThread [stack: 0x0000000018130000,0x0000000018230000] [id=18096]
  0x00000000183f0000 WatcherThread [stack: 0x0000000019040000,0x0000000019140000] [id=6392]

VM state:not at safepoint (normal execution)

VM Mutex/Monitor currently owned by a thread: None

Heap:
 PSYoungGen      total 490496K, used 473839K [0x00000000e0000000, 0x00000000ffd80000, 0x0000000100000000)
  eden space 462336K, 99% used [0x00000000e0000000,0x00000000fc1e1e00,0x00000000fc380000)
  from space 28160K, 46% used [0x00000000fe200000,0x00000000feed9f78,0x00000000ffd80000)
  to   space 29696K, 0% used [0x00000000fc380000,0x00000000fc380000,0x00000000fe080000)
 ParOldGen       total 396800K, used 56403K [0x00000000a0000000, 0x00000000b8380000, 0x00000000e0000000)
  object space 396800K, 14% used [0x00000000a0000000,0x00000000a3714f98,0x00000000b8380000)
 Metaspace       used 89572K, capacity 95246K, committed 100648K, reserved 1136640K
  class space    used 10916K, capacity 11871K, committed 13104K, reserved 1048576K

Card table byte_map: [0x0000000011a60000,0x0000000011d70000] byte_map_base: 0x0000000011560000

Marking Bits: (ParMarkBitMap*) 0x0000000068bd4970
 Begin Bits: [0x0000000012770000, 0x0000000013f70000)
 End Bits:   [0x0000000013f70000, 0x0000000015770000)

Polling page: 0x00000000003f0000

CodeCache: size=245760Kb used=90326Kb max_used=90342Kb free=155433Kb
 bounds [0x00000000026a0000, 0x0000000007fa0000, 0x00000000116a0000]
 total_blobs=24558 nmethods=23711 adapters=758
 compilation: enabled

Compilation events (10 events):
Event: 32157.878 Thread 0x000000001835b000 nmethod 32620 0x0000000005337ed0 code [0x0000000005338000, 0x0000000005338078]
Event: 32157.892 Thread 0x000000001835e800 nmethod 32616 0x0000000007e38110 code [0x0000000007e383e0, 0x0000000007e39db8]
Event: 32157.928 Thread 0x0000000018364000 nmethod 32608 0x0000000002de1450 code [0x0000000002de18c0, 0x0000000002de4fd8]
Event: 32157.958 Thread 0x000000001835b000 32621       4       org.gradle.api.internal.tasks.DefaultTaskOutputs$5::apply (9 bytes)
Event: 32157.959 Thread 0x000000001835e800 32622       4       org.gradle.api.internal.changedetection.state.CacheBackedTaskHistoryRepository$1::getPreviousExecution (32 bytes)
Event: 32157.962 Thread 0x000000001835e800 nmethod 32622 0x0000000007e60dd0 code [0x0000000007e60f40, 0x0000000007e61148]
Event: 32157.963 Thread 0x000000001835b000 nmethod 32621 0x0000000004135610 code [0x00000000041357e0, 0x0000000004135c90]
Event: 32158.037 Thread 0x0000000018364000 32623 % !   4       com.android.ide.common.res2.MergedResourceWriter::postWriteAction @ 103 (1094 bytes)
Event: 32158.089 Thread 0x0000000018367000 32624       3       com.google.common.cache.LocalCache$HashIterator::advance (94 bytes)
Event: 32158.089 Thread 0x0000000018367000 nmethod 32624 0x0000000006d892d0 code [0x0000000006d89480, 0x0000000006d89b68]

GC Heap History (10 events):
Event: 31880.506 GC heap before
{Heap before GC invocations=84 (full 4):
 PSYoungGen      total 491008K, used 472423K [0x00000000e0000000, 0x0000000100000000, 0x0000000100000000)
  eden space 460288K, 100% used [0x00000000e0000000,0x00000000fc180000,0x00000000fc180000)
  from space 30720K, 39% used [0x00000000fc180000,0x00000000fcd59f38,0x00000000fdf80000)
  to   space 30208K, 0% used [0x00000000fe280000,0x00000000fe280000,0x0000000100000000)
 ParOldGen       total 396800K, used 51809K [0x00000000a0000000, 0x00000000b8380000, 0x00000000e0000000)
  object space 396800K, 13% used [0x00000000a0000000,0x00000000a3298518,0x00000000b8380000)
 Metaspace       used 89189K, capacity 94706K, committed 100136K, reserved 1136640K
  class space    used 10886K, capacity 11853K, committed 13104K, reserved 1048576K
Event: 31880.514 GC heap after
Heap after GC invocations=84 (full 4):
 PSYoungGen      total 491008K, used 12940K [0x00000000e0000000, 0x00000000ffd80000, 0x0000000100000000)
  eden space 463360K, 0% used [0x00000000e0000000,0x00000000e0000000,0x00000000fc480000)
  from space 27648K, 46% used [0x00000000fe280000,0x00000000fef23050,0x00000000ffd80000)
  to   space 29184K, 0% used [0x00000000fc480000,0x00000000fc480000,0x00000000fe100000)
 ParOldGen       total 396800K, used 51985K [0x00000000a0000000, 0x00000000b8380000, 0x00000000e0000000)
  object space 396800K, 13% used [0x00000000a0000000,0x00000000a32c4518,0x00000000b8380000)
 Metaspace       used 89189K, capacity 94706K, committed 100136K, reserved 1136640K
  class space    used 10886K, capacity 11853K, committed 13104K, reserved 1048576K
}
Event: 31897.990 GC heap before
{Heap before GC invocations=85 (full 4):
 PSYoungGen      total 491008K, used 476300K [0x00000000e0000000, 0x00000000ffd80000, 0x0000000100000000)
  eden space 463360K, 100% used [0x00000000e0000000,0x00000000fc480000,0x00000000fc480000)
  from space 27648K, 46% used [0x00000000fe280000,0x00000000fef23050,0x00000000ffd80000)
  to   space 29184K, 0% used [0x00000000fc480000,0x00000000fc480000,0x00000000fe100000)
 ParOldGen       total 396800K, used 51985K [0x00000000a0000000, 0x00000000b8380000, 0x00000000e0000000)
  object space 396800K, 13% used [0x00000000a0000000,0x00000000a32c4518,0x00000000b8380000)
 Metaspace       used 89256K, capacity 94804K, committed 100136K, reserved 1136640K
  class space    used 10888K, capacity 11858K, committed 13104K, reserved 1048576K
Event: 31897.999 GC heap after
Heap after GC invocations=85 (full 4):
 PSYoungGen      total 492544K, used 8933K [0x00000000e0000000, 0x0000000100000000, 0x0000000100000000)
  eden space 463360K, 0% used [0x00000000e0000000,0x00000000e0000000,0x00000000fc480000)
  from space 29184K, 30% used [0x00000000fc480000,0x00000000fcd39430,0x00000000fe100000)
  to   space 29184K, 0% used [0x00000000fe380000,0x00000000fe380000,0x0000000100000000)
 ParOldGen       total 396800K, used 54788K [0x00000000a0000000, 0x00000000b8380000, 0x00000000e0000000)
  object space 396800K, 13% used [0x00000000a0000000,0x00000000a3581108,0x00000000b8380000)
 Metaspace       used 89256K, capacity 94804K, committed 100136K, reserved 1136640K
  class space    used 10888K, capacity 11858K, committed 13104K, reserved 1048576K
}
Event: 31900.846 GC heap before
{Heap before GC invocations=86 (full 4):
 PSYoungGen      total 492544K, used 472293K [0x00000000e0000000, 0x0000000100000000, 0x0000000100000000)
  eden space 463360K, 100% used [0x00000000e0000000,0x00000000fc480000,0x00000000fc480000)
  from space 29184K, 30% used [0x00000000fc480000,0x00000000fcd39430,0x00000000fe100000)
  to   space 29184K, 0% used [0x00000000fe380000,0x00000000fe380000,0x0000000100000000)
 ParOldGen       total 396800K, used 54788K [0x00000000a0000000, 0x00000000b8380000, 0x00000000e0000000)
  object space 396800K, 13% used [0x00000000a0000000,0x00000000a3581108,0x00000000b8380000)
 Metaspace       used 89410K, capacity 94980K, committed 100392K, reserved 1136640K
  class space    used 10911K, capacity 11870K, committed 13104K, reserved 1048576K
Event: 31900.860 GC heap after
Heap after GC invocations=86 (full 4):
 PSYoungGen      total 489984K, used 26081K [0x00000000e0000000, 0x0000000100000000, 0x0000000100000000)
  eden space 460800K, 0% used [0x00000000e0000000,0x00000000e0000000,0x00000000fc200000)
  from space 29184K, 89% used [0x00000000fe380000,0x00000000ffcf85e8,0x0000000100000000)
  to   space 31744K, 0% used [0x00000000fc200000,0x00000000fc200000,0x00000000fe100000)
 ParOldGen       total 396800K, used 56331K [0x00000000a0000000, 0x00000000b8380000, 0x00000000e0000000)
  object space 396800K, 14% used [0x00000000a0000000,0x00000000a3702f98,0x00000000b8380000)
 Metaspace       used 89410K, capacity 94980K, committed 100392K, reserved 1136640K
  class space    used 10911K, capacity 11870K, committed 13104K, reserved 1048576K
}
Event: 32007.150 GC heap before
{Heap before GC invocations=87 (full 4):
 PSYoungGen      total 489984K, used 486716K [0x00000000e0000000, 0x0000000100000000, 0x0000000100000000)
  eden space 460800K, 99% used [0x00000000e0000000,0x00000000fc1d6d28,0x00000000fc200000)
  from space 29184K, 89% used [0x00000000fe380000,0x00000000ffcf85e8,0x0000000100000000)
  to   space 31744K, 0% used [0x00000000fc200000,0x00000000fc200000,0x00000000fe100000)
 ParOldGen       total 396800K, used 56331K [0x00000000a0000000, 0x00000000b8380000, 0x00000000e0000000)
  object space 396800K, 14% used [0x00000000a0000000,0x00000000a3702f98,0x00000000b8380000)
 Metaspace       used 89534K, capacity 95246K, committed 100648K, reserved 1136640K
  class space    used 10916K, capacity 11871K, committed 13104K, reserved 1048576K
Event: 32007.167 GC heap after
Heap after GC invocations=87 (full 4):
 PSYoungGen      total 492544K, used 15119K [0x00000000e0000000, 0x00000000fff80000, 0x0000000100000000)
  eden space 460800K, 0% used [0x00000000e0000000,0x00000000e0000000,0x00000000fc200000)
  from space 31744K, 47% used [0x00000000fc200000,0x00000000fd0c3d70,0x00000000fe100000)
  to   space 30208K, 0% used [0x00000000fe200000,0x00000000fe200000,0x00000000fff80000)
 ParOldGen       total 396800K, used 56395K [0x00000000a0000000, 0x00000000b8380000, 0x00000000e0000000)
  object space 396800K, 14% used [0x00000000a0000000,0x00000000a3712f98,0x00000000b8380000)
 Metaspace       used 89534K, capacity 95246K, committed 100648K, reserved 1136640K
  class space    used 10916K, capacity 11871K, committed 13104K, reserved 1048576K
}
Event: 32008.565 GC heap before
{Heap before GC invocations=88 (full 4):
 PSYoungGen      total 492544K, used 475781K [0x00000000e0000000, 0x00000000fff80000, 0x0000000100000000)
  eden space 460800K, 99% used [0x00000000e0000000,0x00000000fc1dd9b0,0x00000000fc200000)
  from space 31744K, 47% used [0x00000000fc200000,0x00000000fd0c3d70,0x00000000fe100000)
  to   space 30208K, 0% used [0x00000000fe200000,0x00000000fe200000,0x00000000fff80000)
 ParOldGen       total 396800K, used 56395K [0x00000000a0000000, 0x00000000b8380000, 0x00000000e0000000)
  object space 396800K, 14% used [0x00000000a0000000,0x00000000a3712f98,0x00000000b8380000)
 Metaspace       used 89541K, capacity 95246K, committed 100648K, reserved 1136640K
  class space    used 10916K, capacity 11871K, committed 13104K, reserved 1048576K
Event: 32008.574 GC heap after
Heap after GC invocations=88 (full 4):
 PSYoungGen      total 490496K, used 13159K [0x00000000e0000000, 0x00000000ffd80000, 0x0000000100000000)
  eden space 462336K, 0% used [0x00000000e0000000,0x00000000e0000000,0x00000000fc380000)
  from space 28160K, 46% used [0x00000000fe200000,0x00000000feed9f78,0x00000000ffd80000)
  to   space 29696K, 0% used [0x00000000fc380000,0x00000000fc380000,0x00000000fe080000)
 ParOldGen       total 396800K, used 56403K [0x00000000a0000000, 0x00000000b8380000, 0x00000000e0000000)
  object space 396800K, 14% used [0x00000000a0000000,0x00000000a3714f98,0x00000000b8380000)
 Metaspace       used 89541K, capacity 95246K, committed 100648K, reserved 1136640K
  class space    used 10916K, capacity 11871K, committed 13104K, reserved 1048576K
}

Deoptimization events (10 events):
Event: 31902.482 Thread 0x000000001d131000 Uncommon trap: reason=unstable_if action=reinterpret pc=0x0000000005339818 method=com.google.common.collect.RegularImmutableMap.fromEntryArray(I[Ljava/util/Map$Entry;)Lcom/google/common/collect/RegularImmutableMap; @ 123
Event: 31902.534 Thread 0x000000001c152800 Uncommon trap: reason=bimorphic action=maybe_recompile pc=0x0000000003d06bcc method=org.gradle.api.internal.changedetection.state.SnapshotMapSerializer.write(Lorg/gradle/internal/serialize/Encoder;Ljava/util/Map;)V @ 2
Event: 31902.543 Thread 0x000000001ffca000 Uncommon trap: reason=null_check action=make_not_entrant pc=0x0000000003bf9688 method=java.lang.ThreadLocal$ThreadLocalMap.set(Ljava/lang/ThreadLocal;Ljava/lang/Object;)V @ 36
Event: 32006.976 Thread 0x000000001ffc8800 Uncommon trap: reason=class_check action=maybe_recompile pc=0x0000000007543e20 method=com.android.tools.r8.ir.optimize.CodeRewriter.splitRangeInvokeConstants(Lcom/android/tools/r8/ir/code/IRCode;)V @ 77
Event: 32006.985 Thread 0x000000001c61e800 Uncommon trap: reason=unstable_if action=reinterpret pc=0x000000000513cb54 method=java.util.concurrent.locks.LockSupport.unpark(Ljava/lang/Thread;)V @ 1
Event: 32008.424 Thread 0x000000001838f000 Uncommon trap: reason=predicate action=maybe_recompile pc=0x000000000712dfdc method=org.gradle.api.internal.OverlappingOutputs.detect(Ljava/lang/String;Lorg/gradle/api/internal/changedetection/state/FileCollectionSnapshot;Lorg/gradle/api/internal/changede
Event: 32008.649 Thread 0x0000000018392000 Uncommon trap: reason=bimorphic action=maybe_recompile pc=0x0000000003d06bcc method=org.gradle.api.internal.changedetection.state.SnapshotMapSerializer.write(Lorg/gradle/internal/serialize/Encoder;Ljava/util/Map;)V @ 2
Event: 32085.172 Thread 0x000000001c149800 Uncommon trap: reason=class_check action=maybe_recompile pc=0x00000000048d0b30 method=org.gradle.api.internal.changedetection.state.OrderInsensitiveTaskFilePropertyCompareStrategy.iterateChangesForAbsolutePaths(Ljava/util/Map;Ljava/util/Map;Ljava/lang/Str
Event: 32085.172 Thread 0x000000001c149800 Uncommon trap: reason=class_check action=maybe_recompile pc=0x0000000005d1a670 method=org.gradle.api.internal.changedetection.state.OrderInsensitiveTaskFilePropertyCompareStrategy$2.computeNext()Lorg/gradle/api/internal/changedetection/rules/TaskStateChan
Event: 32085.400 Thread 0x000000001c14b000 Uncommon trap: reason=bimorphic action=maybe_recompile pc=0x0000000003d06bcc method=org.gradle.api.internal.changedetection.state.SnapshotMapSerializer.write(Lorg/gradle/internal/serialize/Encoder;Ljava/util/Map;)V @ 2

Classes redefined (0 events):
No events

Internal exceptions (10 events):
Event: 32157.749 Thread 0x0000000018392800 Exception <a 'sun/nio/fs/WindowsException'> (0x00000000f70fe0d0) thrown at [D:\src\AOSP-openjdk-cygwin\jdk8u\hotspot\src\share\vm\prims\jni.cpp, line 709]
Event: 32157.749 Thread 0x0000000018392800 Exception <a 'sun/nio/fs/WindowsException'> (0x00000000f70fea60) thrown at [D:\src\AOSP-openjdk-cygwin\jdk8u\hotspot\src\share\vm\prims\jni.cpp, line 709]
Event: 32157.749 Thread 0x0000000018392800 Exception <a 'sun/nio/fs/WindowsException'> (0x00000000f7101218) thrown at [D:\src\AOSP-openjdk-cygwin\jdk8u\hotspot\src\share\vm\prims\jni.cpp, line 709]
Event: 32157.749 Thread 0x0000000018392800 Exception <a 'sun/nio/fs/WindowsException'> (0x00000000f7101bb8) thrown at [D:\src\AOSP-openjdk-cygwin\jdk8u\hotspot\src\share\vm\prims\jni.cpp, line 709]
Event: 32157.749 Thread 0x0000000018392800 Exception <a 'sun/nio/fs/WindowsException'> (0x00000000f71037d0) thrown at [D:\src\AOSP-openjdk-cygwin\jdk8u\hotspot\src\share\vm\prims\jni.cpp, line 709]
Event: 32157.749 Thread 0x0000000018392800 Exception <a 'sun/nio/fs/WindowsException'> (0x00000000f7104180) thrown at [D:\src\AOSP-openjdk-cygwin\jdk8u\hotspot\src\share\vm\prims\jni.cpp, line 709]
Event: 32157.749 Thread 0x0000000018392800 Exception <a 'sun/nio/fs/WindowsException'> (0x00000000f7106ba0) thrown at [D:\src\AOSP-openjdk-cygwin\jdk8u\hotspot\src\share\vm\prims\jni.cpp, line 709]
Event: 32157.749 Thread 0x0000000018392800 Exception <a 'sun/nio/fs/WindowsException'> (0x00000000f7107590) thrown at [D:\src\AOSP-openjdk-cygwin\jdk8u\hotspot\src\share\vm\prims\jni.cpp, line 709]
Event: 32157.749 Thread 0x0000000018392800 Exception <a 'sun/nio/fs/WindowsException'> (0x00000000f7109270) thrown at [D:\src\AOSP-openjdk-cygwin\jdk8u\hotspot\src\share\vm\prims\jni.cpp, line 709]
Event: 32157.749 Thread 0x0000000018392800 Exception <a 'sun/nio/fs/WindowsException'> (0x00000000f7109c80) thrown at [D:\src\AOSP-openjdk-cygwin\jdk8u\hotspot\src\share\vm\prims\jni.cpp, line 709]

Events (10 events):
Event: 32158.047 Thread 0x000000001c61c000 Thread added: 0x000000001c61c000
Event: 32158.048 Thread 0x000000001c624800 Thread added: 0x000000001c624800
Event: 32158.048 Thread 0x000000001c61d800 Thread added: 0x000000001c61d800
Event: 32158.050 Thread 0x000000001c625000 Thread added: 0x000000001c625000
Event: 32158.050 Thread 0x000000001c626000 Thread added: 0x000000001c626000
Event: 32158.052 Thread 0x000000001ffc7000 Thread added: 0x000000001ffc7000
Event: 32158.052 Thread 0x000000001ffc8800 Thread added: 0x000000001ffc8800
Event: 32158.054 Thread 0x000000001ffca000 Thread added: 0x000000001ffca000
Event: 32158.054 Thread 0x000000001ffc3800 Thread added: 0x000000001ffc3800
Event: 32158.088 Thread 0x000000001ffd1800 Thread added: 0x000000001ffd1800


Dynamic libraries:
0x00007ff7bb1b0000 - 0x00007ff7bb1e1000 	D:\Program Files\Android\Android Studio\jre\bin\java.exe
0x00007fffc8fc0000 - 0x00007fffc91a1000 	C:\WINDOWS\SYSTEM32\ntdll.dll
0x00007fffc8d10000 - 0x00007fffc8dc2000 	C:\WINDOWS\System32\KERNEL32.DLL
0x00007fffc5570000 - 0x00007fffc57e3000 	C:\WINDOWS\System32\KERNELBASE.dll
0x00007fffc8950000 - 0x00007fffc89f1000 	C:\WINDOWS\System32\ADVAPI32.dll
0x00007fffc8c60000 - 0x00007fffc8cfe000 	C:\WINDOWS\System32\msvcrt.dll
0x00007fffc7490000 - 0x00007fffc74eb000 	C:\WINDOWS\System32\sechost.dll
0x00007fffc7080000 - 0x00007fffc71a4000 	C:\WINDOWS\System32\RPCRT4.dll
0x00007fffc6aa0000 - 0x00007fffc6c30000 	C:\WINDOWS\System32\USER32.dll
0x00007fffc6380000 - 0x00007fffc63a0000 	C:\WINDOWS\System32\win32u.dll
0x00007fffc6a70000 - 0x00007fffc6a98000 	C:\WINDOWS\System32\GDI32.dll
0x00007fffc5f50000 - 0x00007fffc60e2000 	C:\WINDOWS\System32\gdi32full.dll
0x00007fffc62e0000 - 0x00007fffc637f000 	C:\WINDOWS\System32\msvcp_win.dll
0x00007fffc5390000 - 0x00007fffc548a000 	C:\WINDOWS\System32\ucrtbase.dll
0x00007fffb6550000 - 0x00007fffb67b9000 	C:\WINDOWS\WinSxS\amd64_microsoft.windows.common-controls_6595b64144ccf1df_6.0.17134.285_none_fb4297e330656775\COMCTL32.dll
0x00007fffc6450000 - 0x00007fffc6773000 	C:\WINDOWS\System32\combase.dll
0x00007fffc5490000 - 0x00007fffc550a000 	C:\WINDOWS\System32\bcryptPrimitives.dll
0x00007fffc8dd0000 - 0x00007fffc8dfd000 	C:\WINDOWS\System32\IMM32.DLL
0x000000006a9d0000 - 0x000000006aaa2000 	D:\Program Files\Android\Android Studio\jre\jre\bin\msvcr100.dll
0x0000000068410000 - 0x0000000068c4f000 	D:\Program Files\Android\Android Studio\jre\jre\bin\server\jvm.dll
0x00007fffc8940000 - 0x00007fffc8948000 	C:\WINDOWS\System32\PSAPI.DLL
0x00007fffc3b40000 - 0x00007fffc3b49000 	C:\WINDOWS\SYSTEM32\WSOCK32.dll
0x00007fffc01e0000 - 0x00007fffc0203000 	C:\WINDOWS\SYSTEM32\WINMM.dll
0x00007fffc2470000 - 0x00007fffc247a000 	C:\WINDOWS\SYSTEM32\VERSION.dll
0x00007fffc8e80000 - 0x00007fffc8eec000 	C:\WINDOWS\System32\WS2_32.dll
0x00007fffc0110000 - 0x00007fffc013a000 	C:\WINDOWS\SYSTEM32\winmmbase.dll
0x00007fffc5f00000 - 0x00007fffc5f49000 	C:\WINDOWS\System32\cfgmgr32.dll
0x00007fffc0600000 - 0x00007fffc060f000 	D:\Program Files\Android\Android Studio\jre\jre\bin\verify.dll
0x00007fffba150000 - 0x00007fffba179000 	D:\Program Files\Android\Android Studio\jre\jre\bin\java.dll
0x00007fffbd370000 - 0x00007fffbd386000 	D:\Program Files\Android\Android Studio\jre\jre\bin\zip.dll
0x00007fffc7500000 - 0x00007fffc8940000 	C:\WINDOWS\System32\SHELL32.dll
0x00007fffc71b0000 - 0x00007fffc7259000 	C:\WINDOWS\System32\shcore.dll
0x00007fffc57f0000 - 0x00007fffc5efd000 	C:\WINDOWS\System32\windows.storage.dll
0x00007fffc8b80000 - 0x00007fffc8bd1000 	C:\WINDOWS\System32\shlwapi.dll
0x00007fffc5350000 - 0x00007fffc5361000 	C:\WINDOWS\System32\kernel.appcore.dll
0x00007fffc5370000 - 0x00007fffc538f000 	C:\WINDOWS\System32\profapi.dll
0x00007fffc5300000 - 0x00007fffc534c000 	C:\WINDOWS\System32\powrprof.dll
0x00007fffc52d0000 - 0x00007fffc52da000 	C:\WINDOWS\System32\FLTLIB.DLL
0x00007fffba130000 - 0x00007fffba14a000 	D:\Program Files\Android\Android Studio\jre\jre\bin\net.dll
0x00007fffc47f0000 - 0x00007fffc4856000 	C:\WINDOWS\system32\mswsock.dll
0x00007fffba110000 - 0x00007fffba121000 	D:\Program Files\Android\Android Studio\jre\jre\bin\nio.dll
0x00007fffb1f60000 - 0x00007fffb1f7e000 	C:\Users\matut\.gradle\native\25\windows-amd64\native-platform.dll
0x00007fffbf840000 - 0x00007fffbf84d000 	D:\Program Files\Android\Android Studio\jre\jre\bin\management.dll
0x00007fffc4ff0000 - 0x00007fffc5007000 	C:\WINDOWS\SYSTEM32\CRYPTSP.dll
0x00007fffc43d0000 - 0x00007fffc4403000 	C:\WINDOWS\system32\rsaenh.dll
0x00007fffc4df0000 - 0x00007fffc4e15000 	C:\WINDOWS\SYSTEM32\bcrypt.dll
0x00007fffc5200000 - 0x00007fffc5228000 	C:\WINDOWS\SYSTEM32\USERENV.dll
0x00007fffc49a0000 - 0x00007fffc49ab000 	C:\WINDOWS\SYSTEM32\CRYPTBASE.dll
0x00007fffc4570000 - 0x00007fffc45a8000 	C:\WINDOWS\SYSTEM32\IPHLPAPI.DLL
0x00007fffc8d00000 - 0x00007fffc8d08000 	C:\WINDOWS\System32\NSI.dll
0x00007fffbedb0000 - 0x00007fffbedc6000 	C:\WINDOWS\SYSTEM32\dhcpcsvc6.DLL
0x00007fffbed90000 - 0x00007fffbedaa000 	C:\WINDOWS\SYSTEM32\dhcpcsvc.DLL
0x00007fffc4030000 - 0x00007fffc4061000 	C:\WINDOWS\SYSTEM32\ntmarta.dll
0x00007fffc4e20000 - 0x00007fffc4fe9000 	C:\WINDOWS\SYSTEM32\dbghelp.dll

VM Arguments:
jvm_args: -Xmx1536m -Dfile.encoding=windows-1252 -Duser.country=AR -Duser.language=es -Duser.variant 
java_command: org.gradle.launcher.daemon.bootstrap.GradleDaemon 4.4
java_class_path (initial): C:\Users\matut\.gradle\wrapper\dists\gradle-4.4-all\9br9xq1tocpiv8o6njlyu5op1\gradle-4.4\lib\gradle-launcher-4.4.jar
Launcher Type: SUN_STANDARD

Environment Variables:
JAVA_HOME=C:\Program Files\Java\jre1.8.0_111\bin
JRE_HOME=C:\Program Files\Java\jre1.8.0_111
PATH=C:\ProgramData\Oracle\Java\javapath;C:\Windows\System32;C:\Windows;C:\Windows\System32\wbem;C:\Windows\System32\WindowsPowerShell\v1.0\;C:\Program Files (x86)\OpenVPN\bin;C:\Program Files (x86)\PDFtk\bin\;C:\Program Files (x86)\Skype\Phone\;C:\Program Files\nodejs\;D:\Program Files (x86)\Yarn\bin\;C:\Program Files\swipl\bin;;C:\WINDOWS\system32;C:\WINDOWS;C:\WINDOWS\System32\Wbem;C:\WINDOWS\System32\WindowsPowerShell\v1.0\;C:\WINDOWS\System32\OpenSSH\;C:\Program Files\Common Files\Autodesk Shared\;C:\Users\matut\AppData\Local\Microsoft\WindowsApps;C:\Users\matut\AppData\Roaming\npm;D:\Program Files\Microsoft VS Code\bin;C:\Users\matut\AppData\Local\Yarn\bin;
USERNAME=matut
OS=Windows_NT
PROCESSOR_IDENTIFIER=Intel64 Family 6 Model 94 Stepping 3, GenuineIntel



---------------  S Y S T E M  ---------------

OS: Windows 10.0 , 64 bit Build 17134 (10.0.17134.1)

CPU:total 8 (initial active 8) (4 cores per cpu, 2 threads per core) family 6 model 94 stepping 3, cmov, cx8, fxsr, mmx, sse, sse2, sse3, ssse3, sse4.1, sse4.2, popcnt, avx, avx2, aes, clmul, erms, rtm, 3dnowpref, lzcnt, ht, tsc, tscinvbit, bmi1, bmi2, adx

Memory: 4k page, physical 16673308k(6774976k free), swap 19163676k(4347664k free)

vm_info: OpenJDK 64-Bit Server VM (25.152-b02) for windows-amd64 JRE (1.8.0_152-release-1024-b02), built by "builder" with MS VC++ 10.0 (VS2010)

time: Fri Oct 12 19:38:48 2018
elapsed time: 32158 seconds (0d 8h 55m 58s)

